<?xml version="1.0" encoding="UTF-8"?>
<testsuite name="WebFormJunit" tests="1" skipped="0" failures="0" errors="0" timestamp="2023-09-30T18:22:40" hostname="FAHIM_MAHATAB" time="29.207">
  <properties/>
  <testcase name="Check if Submitted properly" classname="WebFormJunit" time="29.207"/>
  <system-out><![CDATA[]]></system-out>
  <system-err><![CDATA[SLF4J: Failed to load class "org.slf4j.impl.StaticLoggerBinder".
SLF4J: Defaulting to no-operation (NOP) logger implementation
SLF4J: See http://www.slf4j.org/codes.html#StaticLoggerBinder for further details.
]]></system-err>
</testsuite>
